# ruff: noqa

Starting simulation...
discovered 3 candidates from factory
Block: 7c9ba7c4c15f72828e485c0e01c3848259b8b8161c55170db3ac6b8a27eeb684 skipping self
Block: 7c9ba7c4c15f72828e485c0e01c3848259b8b8161c55170db3ac6b8a27eeb684 skipping existing neighbor 75d04be4b6d4dde56a4b3ca4261fb8e21f800d86daeffecd97c48657c7b0cc39
Block: 7c9ba7c4c15f72828e485c0e01c3848259b8b8161c55170db3ac6b8a27eeb684 skipping existing neighbor 5db037919e0d6b95ab8cd6785059320337850c7e3ec6a5c6348ecc4ced360389
Node 1 (Block): Pos=[1.30371439 0.78743704 4.77757627] Gravity=0.000
----------------------------------------
History:
[ { 'addr': '7c9ba7c4c15f72828e485c0e01c3848259b8b8161c55170db3ac6b8a27eeb684',
    'data': 'block data',
    'gravity': 0.0,
    'idx': 0,
    'neighbors': [...],
    'pos': array([1.30371439, 0.78743704, 4.77757627]),
    'timestamp': '2025-11-26T03:52:56.261053+00:00',
    'type': 'Block',
    'velocity': array([0., 0., 0.])}]
----------------------------------------
discovered 3 candidates from factory
Point: 75d04be4b6d4dde56a4b3ca4261fb8e21f800d86daeffecd97c48657c7b0cc39 skipping existing neighbor 7c9ba7c4c15f72828e485c0e01c3848259b8b8161c55170db3ac6b8a27eeb684
Point: 75d04be4b6d4dde56a4b3ca4261fb8e21f800d86daeffecd97c48657c7b0cc39 skipping self
Point: 75d04be4b6d4dde56a4b3ca4261fb8e21f800d86daeffecd97c48657c7b0cc39 full, stop discovery
Node 2 (Point): Pos=[8.80655641 9.30284893 4.92238566] Gravity=0.000
----------------------------------------
History:
[ { 'addr': '75d04be4b6d4dde56a4b3ca4261fb8e21f800d86daeffecd97c48657c7b0cc39',
    'data': 'point data',
    'gravity': 0.0,
    'idx': 0,
    'neighbors': [...],
    'pos': array([8.80655641, 9.30284893, 4.92238566]),
    'timestamp': '2025-11-26T03:52:56.261928+00:00',
    'type': 'Point',
    'velocity': array([-0., -0., -0.])}]
----------------------------------------
discovered 3 candidates from factory
str
attempting to connect Sphere: 5db037919e0d6b95ab8cd6785059320337850c7e3ec6a5c6348ecc4ced360389 to candidate 1 with score 0.380
Sphere: 5db037919e0d6b95ab8cd6785059320337850c7e3ec6a5c6348ecc4ced360389: failed to record history event
str
attempting to connect Sphere: 5db037919e0d6b95ab8cd6785059320337850c7e3ec6a5c6348ecc4ced360389 to candidate 2 with score 0.343
Sphere: 5db037919e0d6b95ab8cd6785059320337850c7e3ec6a5c6348ecc4ced360389: failed to record history event
Sphere: 5db037919e0d6b95ab8cd6785059320337850c7e3ec6a5c6348ecc4ced360389 skipping self
Node 3 (Sphere): Pos=[9.44934323 1.21002186 6.76146074] Gravity=0.000
----------------------------------------
History:
[ { 'addr': '5db037919e0d6b95ab8cd6785059320337850c7e3ec6a5c6348ecc4ced360389',
    'data': 'sphere data',
    'gravity': np.float64(0.0),
    'idx': 0,
    'neighbors': [...],
    'pos': array([9.44934323, 1.21002186, 6.76146074]),
    'timestamp': '2025-11-26T03:52:56.262604+00:00',
    'type': 'Sphere',
    'velocity': array([0., 0., 0.])}]
----------------------------------------
discovered 3 candidates from factory
Block: 7c9ba7c4c15f72828e485c0e01c3848259b8b8161c55170db3ac6b8a27eeb684 skipping self
Block: 7c9ba7c4c15f72828e485c0e01c3848259b8b8161c55170db3ac6b8a27eeb684 skipping existing neighbor 75d04be4b6d4dde56a4b3ca4261fb8e21f800d86daeffecd97c48657c7b0cc39
Block: 7c9ba7c4c15f72828e485c0e01c3848259b8b8161c55170db3ac6b8a27eeb684 skipping existing neighbor 5db037919e0d6b95ab8cd6785059320337850c7e3ec6a5c6348ecc4ced360389
Node 1 (Block): Pos=[1.30371439 0.78743704 4.77757627] Gravity=0.000
----------------------------------------
History:
[ { 'addr': '7c9ba7c4c15f72828e485c0e01c3848259b8b8161c55170db3ac6b8a27eeb684',
    'data': 'block data',
    'gravity': 0.0,
    'idx': 0,
    'neighbors': [...],
    'pos': array([1.30371439, 0.78743704, 4.77757627]),
    'timestamp': '2025-11-26T03:52:56.261053+00:00',
    'type': 'Block',
    'velocity': array([0., 0., 0.])}]
----------------------------------------
discovered 3 candidates from factory
Point: 75d04be4b6d4dde56a4b3ca4261fb8e21f800d86daeffecd97c48657c7b0cc39 skipping existing neighbor 7c9ba7c4c15f72828e485c0e01c3848259b8b8161c55170db3ac6b8a27eeb684
Point: 75d04be4b6d4dde56a4b3ca4261fb8e21f800d86daeffecd97c48657c7b0cc39 skipping self
Point: 75d04be4b6d4dde56a4b3ca4261fb8e21f800d86daeffecd97c48657c7b0cc39 full, stop discovery
Node 2 (Point): Pos=[8.80655641 9.30284893 4.92238566] Gravity=0.000
----------------------------------------
History:
[ { 'addr': '75d04be4b6d4dde56a4b3ca4261fb8e21f800d86daeffecd97c48657c7b0cc39',
    'data': 'point data',
    'gravity': 0.0,
    'idx': 0,
    'neighbors': [...],
    'pos': array([8.80655641, 9.30284893, 4.92238566]),
    'timestamp': '2025-11-26T03:52:56.261928+00:00',
    'type': 'Point',
    'velocity': array([-0., -0., -0.])}]
----------------------------------------
discovered 3 candidates from factory
Sphere: 5db037919e0d6b95ab8cd6785059320337850c7e3ec6a5c6348ecc4ced360389 skipping existing neighbor 7c9ba7c4c15f72828e485c0e01c3848259b8b8161c55170db3ac6b8a27eeb684
Sphere: 5db037919e0d6b95ab8cd6785059320337850c7e3ec6a5c6348ecc4ced360389 skipping existing neighbor 75d04be4b6d4dde56a4b3ca4261fb8e21f800d86daeffecd97c48657c7b0cc39
Sphere: 5db037919e0d6b95ab8cd6785059320337850c7e3ec6a5c6348ecc4ced360389 skipping self
Node 3 (Sphere): Pos=[9.44934323 1.21002186 6.76146074] Gravity=0.000
----------------------------------------
History:
[ { 'addr': '5db037919e0d6b95ab8cd6785059320337850c7e3ec6a5c6348ecc4ced360389',
    'data': 'sphere data',
    'gravity': np.float64(0.0),
    'idx': 0,
    'neighbors': [...],
    'pos': array([9.44934323, 1.21002186, 6.76146074]),
    'timestamp': '2025-11-26T03:52:56.262604+00:00',
    'type': 'Sphere',
    'velocity': array([0., 0., 0.])}]
----------------------------------------
discovered 3 candidates from factory
Block: 7c9ba7c4c15f72828e485c0e01c3848259b8b8161c55170db3ac6b8a27eeb684 skipping self
Block: 7c9ba7c4c15f72828e485c0e01c3848259b8b8161c55170db3ac6b8a27eeb684 skipping existing neighbor 75d04be4b6d4dde56a4b3ca4261fb8e21f800d86daeffecd97c48657c7b0cc39
Block: 7c9ba7c4c15f72828e485c0e01c3848259b8b8161c55170db3ac6b8a27eeb684 skipping existing neighbor 5db037919e0d6b95ab8cd6785059320337850c7e3ec6a5c6348ecc4ced360389
Node 1 (Block): Pos=[1.30371439 0.78743704 4.77757627] Gravity=0.000
----------------------------------------
History:
[ { 'addr': '7c9ba7c4c15f72828e485c0e01c3848259b8b8161c55170db3ac6b8a27eeb684',
    'data': 'block data',
    'gravity': 0.0,
    'idx': 0,
    'neighbors': [...],
    'pos': array([1.30371439, 0.78743704, 4.77757627]),
    'timestamp': '2025-11-26T03:52:56.261053+00:00',
    'type': 'Block',
    'velocity': array([0., 0., 0.])}]
----------------------------------------
discovered 3 candidates from factory
Point: 75d04be4b6d4dde56a4b3ca4261fb8e21f800d86daeffecd97c48657c7b0cc39 skipping existing neighbor 7c9ba7c4c15f72828e485c0e01c3848259b8b8161c55170db3ac6b8a27eeb684
Point: 75d04be4b6d4dde56a4b3ca4261fb8e21f800d86daeffecd97c48657c7b0cc39 skipping self
Point: 75d04be4b6d4dde56a4b3ca4261fb8e21f800d86daeffecd97c48657c7b0cc39 full, stop discovery
Node 2 (Point): Pos=[8.80655641 9.30284893 4.92238566] Gravity=0.000
----------------------------------------
History:
[ { 'addr': '75d04be4b6d4dde56a4b3ca4261fb8e21f800d86daeffecd97c48657c7b0cc39',
    'data': 'point data',
    'gravity': 0.0,
    'idx': 0,
    'neighbors': [...],
    'pos': array([8.80655641, 9.30284893, 4.92238566]),
    'timestamp': '2025-11-26T03:52:56.261928+00:00',
    'type': 'Point',
    'velocity': array([-0., -0., -0.])}]
----------------------------------------
discovered 3 candidates from factory
Sphere: 5db037919e0d6b95ab8cd6785059320337850c7e3ec6a5c6348ecc4ced360389 skipping existing neighbor 7c9ba7c4c15f72828e485c0e01c3848259b8b8161c55170db3ac6b8a27eeb684
Sphere: 5db037919e0d6b95ab8cd6785059320337850c7e3ec6a5c6348ecc4ced360389 skipping existing neighbor 75d04be4b6d4dde56a4b3ca4261fb8e21f800d86daeffecd97c48657c7b0cc39
Sphere: 5db037919e0d6b95ab8cd6785059320337850c7e3ec6a5c6348ecc4ced360389 skipping self
Node 3 (Sphere): Pos=[9.44934323 1.21002186 6.76146074] Gravity=0.000
----------------------------------------
History:
[ { 'addr': '5db037919e0d6b95ab8cd6785059320337850c7e3ec6a5c6348ecc4ced360389',
    'data': 'sphere data',
    'gravity': np.float64(0.0),
    'idx': 0,
    'neighbors': [...],
    'pos': array([9.44934323, 1.21002186, 6.76146074]),
    'timestamp': '2025-11-26T03:52:56.262604+00:00',
    'type': 'Sphere',
    'velocity': array([0., 0., 0.])}]
----------------------------------------
discovered 3 candidates from factory
Block: 7c9ba7c4c15f72828e485c0e01c3848259b8b8161c55170db3ac6b8a27eeb684 skipping self
Block: 7c9ba7c4c15f72828e485c0e01c3848259b8b8161c55170db3ac6b8a27eeb684 skipping existing neighbor 75d04be4b6d4dde56a4b3ca4261fb8e21f800d86daeffecd97c48657c7b0cc39
Block: 7c9ba7c4c15f72828e485c0e01c3848259b8b8161c55170db3ac6b8a27eeb684 skipping existing neighbor 5db037919e0d6b95ab8cd6785059320337850c7e3ec6a5c6348ecc4ced360389
Node 1 (Block): Pos=[1.30371439 0.78743704 4.77757627] Gravity=0.000
----------------------------------------
History:
[ { 'addr': '7c9ba7c4c15f72828e485c0e01c3848259b8b8161c55170db3ac6b8a27eeb684',
    'data': 'block data',
    'gravity': 0.0,
    'idx': 0,
    'neighbors': [...],
    'pos': array([1.30371439, 0.78743704, 4.77757627]),
    'timestamp': '2025-11-26T03:52:56.261053+00:00',
    'type': 'Block',
    'velocity': array([0., 0., 0.])}]
----------------------------------------
discovered 3 candidates from factory
Point: 75d04be4b6d4dde56a4b3ca4261fb8e21f800d86daeffecd97c48657c7b0cc39 skipping existing neighbor 7c9ba7c4c15f72828e485c0e01c3848259b8b8161c55170db3ac6b8a27eeb684
Point: 75d04be4b6d4dde56a4b3ca4261fb8e21f800d86daeffecd97c48657c7b0cc39 skipping self
Point: 75d04be4b6d4dde56a4b3ca4261fb8e21f800d86daeffecd97c48657c7b0cc39 full, stop discovery
Node 2 (Point): Pos=[8.80655641 9.30284893 4.92238566] Gravity=0.000
----------------------------------------
History:
[ { 'addr': '75d04be4b6d4dde56a4b3ca4261fb8e21f800d86daeffecd97c48657c7b0cc39',
    'data': 'point data',
    'gravity': 0.0,
    'idx': 0,
    'neighbors': [...],
    'pos': array([8.80655641, 9.30284893, 4.92238566]),
    'timestamp': '2025-11-26T03:52:56.261928+00:00',
    'type': 'Point',
    'velocity': array([-0., -0., -0.])}]
----------------------------------------
discovered 3 candidates from factory
Sphere: 5db037919e0d6b95ab8cd6785059320337850c7e3ec6a5c6348ecc4ced360389 skipping existing neighbor 7c9ba7c4c15f72828e485c0e01c3848259b8b8161c55170db3ac6b8a27eeb684
Sphere: 5db037919e0d6b95ab8cd6785059320337850c7e3ec6a5c6348ecc4ced360389 skipping existing neighbor 75d04be4b6d4dde56a4b3ca4261fb8e21f800d86daeffecd97c48657c7b0cc39
Sphere: 5db037919e0d6b95ab8cd6785059320337850c7e3ec6a5c6348ecc4ced360389 skipping self
Node 3 (Sphere): Pos=[9.44934323 1.21002186 6.76146074] Gravity=0.000
----------------------------------------
History:
[ { 'addr': '5db037919e0d6b95ab8cd6785059320337850c7e3ec6a5c6348ecc4ced360389',
    'data': 'sphere data',
    'gravity': np.float64(0.0),
    'idx': 0,
    'neighbors': [...],
    'pos': array([9.44934323, 1.21002186, 6.76146074]),
    'timestamp': '2025-11-26T03:52:56.262604+00:00',
    'type': 'Sphere',
    'velocity': array([0., 0., 0.])}]
----------------------------------------
discovered 3 candidates from factory
Block: 7c9ba7c4c15f72828e485c0e01c3848259b8b8161c55170db3ac6b8a27eeb684 skipping self
Block: 7c9ba7c4c15f72828e485c0e01c3848259b8b8161c55170db3ac6b8a27eeb684 skipping existing neighbor 75d04be4b6d4dde56a4b3ca4261fb8e21f800d86daeffecd97c48657c7b0cc39
Block: 7c9ba7c4c15f72828e485c0e01c3848259b8b8161c55170db3ac6b8a27eeb684 skipping existing neighbor 5db037919e0d6b95ab8cd6785059320337850c7e3ec6a5c6348ecc4ced360389
Node 1 (Block): Pos=[1.30371439 0.78743704 4.77757627] Gravity=0.000
----------------------------------------
History:
[ { 'addr': '7c9ba7c4c15f72828e485c0e01c3848259b8b8161c55170db3ac6b8a27eeb684',
    'data': 'block data',
    'gravity': 0.0,
    'idx': 0,
    'neighbors': [...],
    'pos': array([1.30371439, 0.78743704, 4.77757627]),
    'timestamp': '2025-11-26T03:52:56.261053+00:00',
    'type': 'Block',
    'velocity': array([0., 0., 0.])}]
----------------------------------------
discovered 3 candidates from factory
Point: 75d04be4b6d4dde56a4b3ca4261fb8e21f800d86daeffecd97c48657c7b0cc39 skipping existing neighbor 7c9ba7c4c15f72828e485c0e01c3848259b8b8161c55170db3ac6b8a27eeb684
Point: 75d04be4b6d4dde56a4b3ca4261fb8e21f800d86daeffecd97c48657c7b0cc39 skipping self
Point: 75d04be4b6d4dde56a4b3ca4261fb8e21f800d86daeffecd97c48657c7b0cc39 full, stop discovery
Node 2 (Point): Pos=[8.80655641 9.30284893 4.92238566] Gravity=0.000
----------------------------------------
History:
[ { 'addr': '75d04be4b6d4dde56a4b3ca4261fb8e21f800d86daeffecd97c48657c7b0cc39',
    'data': 'point data',
    'gravity': 0.0,
    'idx': 0,
    'neighbors': [...],
    'pos': array([8.80655641, 9.30284893, 4.92238566]),
    'timestamp': '2025-11-26T03:52:56.261928+00:00',
    'type': 'Point',
    'velocity': array([-0., -0., -0.])}]
----------------------------------------
discovered 3 candidates from factory
Sphere: 5db037919e0d6b95ab8cd6785059320337850c7e3ec6a5c6348ecc4ced360389 skipping existing neighbor 7c9ba7c4c15f72828e485c0e01c3848259b8b8161c55170db3ac6b8a27eeb684
Sphere: 5db037919e0d6b95ab8cd6785059320337850c7e3ec6a5c6348ecc4ced360389 skipping existing neighbor 75d04be4b6d4dde56a4b3ca4261fb8e21f800d86daeffecd97c48657c7b0cc39
Sphere: 5db037919e0d6b95ab8cd6785059320337850c7e3ec6a5c6348ecc4ced360389 skipping self
Node 3 (Sphere): Pos=[9.44934323 1.21002186 6.76146074] Gravity=0.000
----------------------------------------
History:
[ { 'addr': '5db037919e0d6b95ab8cd6785059320337850c7e3ec6a5c6348ecc4ced360389',
    'data': 'sphere data',
    'gravity': np.float64(0.0),
    'idx': 0,
    'neighbors': [...],
    'pos': array([9.44934323, 1.21002186, 6.76146074]),
    'timestamp': '2025-11-26T03:52:56.262604+00:00',
    'type': 'Sphere',
    'velocity': array([0., 0., 0.])}]
----------------------------------------
Simulation ended.
Final States:
Node 1 (Block): Pos=[1.30371439 0.78743704 4.77757627] Gravity=0.000
----------------------------------------
History:
[ { 'addr': '7c9ba7c4c15f72828e485c0e01c3848259b8b8161c55170db3ac6b8a27eeb684',
    'data': 'block data',
    'gravity': 0.0,
    'idx': 0,
    'neighbors': [...],
    'pos': array([1.30371439, 0.78743704, 4.77757627]),
    'timestamp': '2025-11-26T03:52:56.261053+00:00',
    'type': 'Block',
    'velocity': array([0., 0., 0.])}]
----------------------------------------
Node 2 (Point): Pos=[8.80655641 9.30284893 4.92238566] Gravity=0.000
----------------------------------------
History:
[ { 'addr': '75d04be4b6d4dde56a4b3ca4261fb8e21f800d86daeffecd97c48657c7b0cc39',
    'data': 'point data',
    'gravity': 0.0,
    'idx': 0,
    'neighbors': [...],
    'pos': array([8.80655641, 9.30284893, 4.92238566]),
    'timestamp': '2025-11-26T03:52:56.261928+00:00',
    'type': 'Point',
    'velocity': array([-0., -0., -0.])}]
----------------------------------------
Node 3 (Sphere): Pos=[9.44934323 1.21002186 6.76146074] Gravity=0.000
----------------------------------------
History:
[ { 'addr': '5db037919e0d6b95ab8cd6785059320337850c7e3ec6a5c6348ecc4ced360389',
    'data': 'sphere data',
    'gravity': np.float64(0.0),
    'idx': 0,
    'neighbors': [...],
    'pos': array([9.44934323, 1.21002186, 6.76146074]),
    'timestamp': '2025-11-26T03:52:56.262604+00:00',
    'type': 'Sphere',
    'velocity': array([0., 0., 0.])}]
----------------------------------------
