Starting simulation...
discovered 3 candidates from factory
Block: 8ee8ae77aa39edd904b79d6d1496f4d9695b7fc61ea14c639e7a87e5116cb385 skipping self
str
attempting to connect Block: 8ee8ae77aa39edd904b79d6d1496f4d9695b7fc61ea14c639e7a87e5116cb385 to candidate 2 with score 0.473
Block: 8ee8ae77aa39edd904b79d6d1496f4d9695b7fc61ea14c639e7a87e5116cb385: failed to record history event
str
Block: 8ee8ae77aa39edd904b79d6d1496f4d9695b7fc61ea14c639e7a87e5116cb385 rejected candidate 58bfd6bb4ba3e6e7d285d56819aaf723a2eb1593a98b45ba147a3ff5ce42a26c with score 0.395
Because threshold is 0.4, score is 0.3954255541408641, and ok is False
Node 1 (Block): Pos=[1.76228227 0.58631518 5.44404247] Gravity=0.000
----------------------------------------
History:
[ { 'addr': '8ee8ae77aa39edd904b79d6d1496f4d9695b7fc61ea14c639e7a87e5116cb385',
    'data': 'block data',
    'gravity': 0.0,
    'idx': 0,
    'neighbors': [...],
    'pos': array([1.76228227, 0.58631518, 5.44404247]),
    'timestamp': '2025-11-26T03:57:25.632688+00:00',
    'type': 'Block',
    'velocity': array([0., 0., 0.])}]
----------------------------------------
discovered 3 candidates from factory
Point: b8dcb4c1cdcbbf5701eab7fb129f3670f5c965a483742436e0166ddf20b2b7b0 skipping existing neighbor 8ee8ae77aa39edd904b79d6d1496f4d9695b7fc61ea14c639e7a87e5116cb385
Point: b8dcb4c1cdcbbf5701eab7fb129f3670f5c965a483742436e0166ddf20b2b7b0 skipping self
Point: b8dcb4c1cdcbbf5701eab7fb129f3670f5c965a483742436e0166ddf20b2b7b0 full, stop discovery
Node 2 (Point): Pos=[9.08462535 7.71525372 8.78864565] Gravity=0.000
----------------------------------------
History:
[ { 'addr': 'b8dcb4c1cdcbbf5701eab7fb129f3670f5c965a483742436e0166ddf20b2b7b0',
    'data': 'point data',
    'gravity': 0.0,
    'idx': 0,
    'neighbors': [...],
    'pos': array([9.08462535, 7.71525372, 8.78864565]),
    'timestamp': '2025-11-26T03:57:25.633568+00:00',
    'type': 'Point',
    'velocity': array([-0., -0., -0.])}]
----------------------------------------
discovered 3 candidates from factory
str
attempting to connect Sphere: 58bfd6bb4ba3e6e7d285d56819aaf723a2eb1593a98b45ba147a3ff5ce42a26c to candidate 1 with score 0.395
Sphere: 58bfd6bb4ba3e6e7d285d56819aaf723a2eb1593a98b45ba147a3ff5ce42a26c: failed to record history event
str
attempting to connect Sphere: 58bfd6bb4ba3e6e7d285d56819aaf723a2eb1593a98b45ba147a3ff5ce42a26c to candidate 2 with score 0.343
Sphere: 58bfd6bb4ba3e6e7d285d56819aaf723a2eb1593a98b45ba147a3ff5ce42a26c: failed to record history event
Sphere: 58bfd6bb4ba3e6e7d285d56819aaf723a2eb1593a98b45ba147a3ff5ce42a26c skipping self
Node 3 (Sphere): Pos=[8.52500192 1.58778294 9.56593744] Gravity=0.000
----------------------------------------
History:
[ { 'addr': '58bfd6bb4ba3e6e7d285d56819aaf723a2eb1593a98b45ba147a3ff5ce42a26c',
    'data': 'sphere data',
    'gravity': np.float64(0.0),
    'idx': 0,
    'neighbors': [...],
    'pos': array([8.52500192, 1.58778294, 9.56593744]),
    'timestamp': '2025-11-26T03:57:25.634232+00:00',
    'type': 'Sphere',
    'velocity': array([0., 0., 0.])}]
----------------------------------------
discovered 3 candidates from factory
Block: 8ee8ae77aa39edd904b79d6d1496f4d9695b7fc61ea14c639e7a87e5116cb385 skipping self
Block: 8ee8ae77aa39edd904b79d6d1496f4d9695b7fc61ea14c639e7a87e5116cb385 skipping existing neighbor b8dcb4c1cdcbbf5701eab7fb129f3670f5c965a483742436e0166ddf20b2b7b0
Block: 8ee8ae77aa39edd904b79d6d1496f4d9695b7fc61ea14c639e7a87e5116cb385 skipping existing neighbor 58bfd6bb4ba3e6e7d285d56819aaf723a2eb1593a98b45ba147a3ff5ce42a26c
Node 1 (Block): Pos=[1.76228227 0.58631518 5.44404247] Gravity=0.000
----------------------------------------
History:
[ { 'addr': '8ee8ae77aa39edd904b79d6d1496f4d9695b7fc61ea14c639e7a87e5116cb385',
    'data': 'block data',
    'gravity': 0.0,
    'idx': 0,
    'neighbors': [...],
    'pos': array([1.76228227, 0.58631518, 5.44404247]),
    'timestamp': '2025-11-26T03:57:25.632688+00:00',
    'type': 'Block',
    'velocity': array([0., 0., 0.])}]
----------------------------------------
discovered 3 candidates from factory
Point: b8dcb4c1cdcbbf5701eab7fb129f3670f5c965a483742436e0166ddf20b2b7b0 skipping existing neighbor 8ee8ae77aa39edd904b79d6d1496f4d9695b7fc61ea14c639e7a87e5116cb385
Point: b8dcb4c1cdcbbf5701eab7fb129f3670f5c965a483742436e0166ddf20b2b7b0 skipping self
Point: b8dcb4c1cdcbbf5701eab7fb129f3670f5c965a483742436e0166ddf20b2b7b0 full, stop discovery
Node 2 (Point): Pos=[9.08462535 7.71525372 8.78864565] Gravity=0.000
----------------------------------------
History:
[ { 'addr': 'b8dcb4c1cdcbbf5701eab7fb129f3670f5c965a483742436e0166ddf20b2b7b0',
    'data': 'point data',
    'gravity': 0.0,
    'idx': 0,
    'neighbors': [...],
    'pos': array([9.08462535, 7.71525372, 8.78864565]),
    'timestamp': '2025-11-26T03:57:25.633568+00:00',
    'type': 'Point',
    'velocity': array([-0., -0., -0.])}]
----------------------------------------
discovered 3 candidates from factory
Sphere: 58bfd6bb4ba3e6e7d285d56819aaf723a2eb1593a98b45ba147a3ff5ce42a26c skipping existing neighbor 8ee8ae77aa39edd904b79d6d1496f4d9695b7fc61ea14c639e7a87e5116cb385
Sphere: 58bfd6bb4ba3e6e7d285d56819aaf723a2eb1593a98b45ba147a3ff5ce42a26c skipping existing neighbor b8dcb4c1cdcbbf5701eab7fb129f3670f5c965a483742436e0166ddf20b2b7b0
Sphere: 58bfd6bb4ba3e6e7d285d56819aaf723a2eb1593a98b45ba147a3ff5ce42a26c skipping self
Node 3 (Sphere): Pos=[8.52500192 1.58778294 9.56593744] Gravity=0.000
----------------------------------------
History:
[ { 'addr': '58bfd6bb4ba3e6e7d285d56819aaf723a2eb1593a98b45ba147a3ff5ce42a26c',
    'data': 'sphere data',
    'gravity': np.float64(0.0),
    'idx': 0,
    'neighbors': [...],
    'pos': array([8.52500192, 1.58778294, 9.56593744]),
    'timestamp': '2025-11-26T03:57:25.634232+00:00',
    'type': 'Sphere',
    'velocity': array([0., 0., 0.])}]
----------------------------------------
discovered 3 candidates from factory
Block: 8ee8ae77aa39edd904b79d6d1496f4d9695b7fc61ea14c639e7a87e5116cb385 skipping self
Block: 8ee8ae77aa39edd904b79d6d1496f4d9695b7fc61ea14c639e7a87e5116cb385 skipping existing neighbor b8dcb4c1cdcbbf5701eab7fb129f3670f5c965a483742436e0166ddf20b2b7b0
Block: 8ee8ae77aa39edd904b79d6d1496f4d9695b7fc61ea14c639e7a87e5116cb385 skipping existing neighbor 58bfd6bb4ba3e6e7d285d56819aaf723a2eb1593a98b45ba147a3ff5ce42a26c
Node 1 (Block): Pos=[1.76228227 0.58631518 5.44404247] Gravity=0.000
----------------------------------------
History:
[ { 'addr': '8ee8ae77aa39edd904b79d6d1496f4d9695b7fc61ea14c639e7a87e5116cb385',
    'data': 'block data',
    'gravity': 0.0,
    'idx': 0,
    'neighbors': [...],
    'pos': array([1.76228227, 0.58631518, 5.44404247]),
    'timestamp': '2025-11-26T03:57:25.632688+00:00',
    'type': 'Block',
    'velocity': array([0., 0., 0.])}]
----------------------------------------
discovered 3 candidates from factory
Point: b8dcb4c1cdcbbf5701eab7fb129f3670f5c965a483742436e0166ddf20b2b7b0 skipping existing neighbor 8ee8ae77aa39edd904b79d6d1496f4d9695b7fc61ea14c639e7a87e5116cb385
Point: b8dcb4c1cdcbbf5701eab7fb129f3670f5c965a483742436e0166ddf20b2b7b0 skipping self
Point: b8dcb4c1cdcbbf5701eab7fb129f3670f5c965a483742436e0166ddf20b2b7b0 full, stop discovery
Node 2 (Point): Pos=[9.08462535 7.71525372 8.78864565] Gravity=0.000
----------------------------------------
History:
[ { 'addr': 'b8dcb4c1cdcbbf5701eab7fb129f3670f5c965a483742436e0166ddf20b2b7b0',
    'data': 'point data',
    'gravity': 0.0,
    'idx': 0,
    'neighbors': [...],
    'pos': array([9.08462535, 7.71525372, 8.78864565]),
    'timestamp': '2025-11-26T03:57:25.633568+00:00',
    'type': 'Point',
    'velocity': array([-0., -0., -0.])}]
----------------------------------------
discovered 3 candidates from factory
Sphere: 58bfd6bb4ba3e6e7d285d56819aaf723a2eb1593a98b45ba147a3ff5ce42a26c skipping existing neighbor 8ee8ae77aa39edd904b79d6d1496f4d9695b7fc61ea14c639e7a87e5116cb385
Sphere: 58bfd6bb4ba3e6e7d285d56819aaf723a2eb1593a98b45ba147a3ff5ce42a26c skipping existing neighbor b8dcb4c1cdcbbf5701eab7fb129f3670f5c965a483742436e0166ddf20b2b7b0
Sphere: 58bfd6bb4ba3e6e7d285d56819aaf723a2eb1593a98b45ba147a3ff5ce42a26c skipping self
Node 3 (Sphere): Pos=[8.52500192 1.58778294 9.56593744] Gravity=0.000
----------------------------------------
History:
[ { 'addr': '58bfd6bb4ba3e6e7d285d56819aaf723a2eb1593a98b45ba147a3ff5ce42a26c',
    'data': 'sphere data',
    'gravity': np.float64(0.0),
    'idx': 0,
    'neighbors': [...],
    'pos': array([8.52500192, 1.58778294, 9.56593744]),
    'timestamp': '2025-11-26T03:57:25.634232+00:00',
    'type': 'Sphere',
    'velocity': array([0., 0., 0.])}]
----------------------------------------
discovered 3 candidates from factory
Block: 8ee8ae77aa39edd904b79d6d1496f4d9695b7fc61ea14c639e7a87e5116cb385 skipping self
Block: 8ee8ae77aa39edd904b79d6d1496f4d9695b7fc61ea14c639e7a87e5116cb385 skipping existing neighbor b8dcb4c1cdcbbf5701eab7fb129f3670f5c965a483742436e0166ddf20b2b7b0
Block: 8ee8ae77aa39edd904b79d6d1496f4d9695b7fc61ea14c639e7a87e5116cb385 skipping existing neighbor 58bfd6bb4ba3e6e7d285d56819aaf723a2eb1593a98b45ba147a3ff5ce42a26c
Node 1 (Block): Pos=[1.76228227 0.58631518 5.44404247] Gravity=0.000
----------------------------------------
History:
[ { 'addr': '8ee8ae77aa39edd904b79d6d1496f4d9695b7fc61ea14c639e7a87e5116cb385',
    'data': 'block data',
    'gravity': 0.0,
    'idx': 0,
    'neighbors': [...],
    'pos': array([1.76228227, 0.58631518, 5.44404247]),
    'timestamp': '2025-11-26T03:57:25.632688+00:00',
    'type': 'Block',
    'velocity': array([0., 0., 0.])}]
----------------------------------------
discovered 3 candidates from factory
Point: b8dcb4c1cdcbbf5701eab7fb129f3670f5c965a483742436e0166ddf20b2b7b0 skipping existing neighbor 8ee8ae77aa39edd904b79d6d1496f4d9695b7fc61ea14c639e7a87e5116cb385
Point: b8dcb4c1cdcbbf5701eab7fb129f3670f5c965a483742436e0166ddf20b2b7b0 skipping self
Point: b8dcb4c1cdcbbf5701eab7fb129f3670f5c965a483742436e0166ddf20b2b7b0 full, stop discovery
Node 2 (Point): Pos=[9.08462535 7.71525372 8.78864565] Gravity=0.000
----------------------------------------
History:
[ { 'addr': 'b8dcb4c1cdcbbf5701eab7fb129f3670f5c965a483742436e0166ddf20b2b7b0',
    'data': 'point data',
    'gravity': 0.0,
    'idx': 0,
    'neighbors': [...],
    'pos': array([9.08462535, 7.71525372, 8.78864565]),
    'timestamp': '2025-11-26T03:57:25.633568+00:00',
    'type': 'Point',
    'velocity': array([-0., -0., -0.])}]
----------------------------------------
discovered 3 candidates from factory
Sphere: 58bfd6bb4ba3e6e7d285d56819aaf723a2eb1593a98b45ba147a3ff5ce42a26c skipping existing neighbor 8ee8ae77aa39edd904b79d6d1496f4d9695b7fc61ea14c639e7a87e5116cb385
Sphere: 58bfd6bb4ba3e6e7d285d56819aaf723a2eb1593a98b45ba147a3ff5ce42a26c skipping existing neighbor b8dcb4c1cdcbbf5701eab7fb129f3670f5c965a483742436e0166ddf20b2b7b0
Sphere: 58bfd6bb4ba3e6e7d285d56819aaf723a2eb1593a98b45ba147a3ff5ce42a26c skipping self
Node 3 (Sphere): Pos=[8.52500192 1.58778294 9.56593744] Gravity=0.000
----------------------------------------
History:
[ { 'addr': '58bfd6bb4ba3e6e7d285d56819aaf723a2eb1593a98b45ba147a3ff5ce42a26c',
    'data': 'sphere data',
    'gravity': np.float64(0.0),
    'idx': 0,
    'neighbors': [...],
    'pos': array([8.52500192, 1.58778294, 9.56593744]),
    'timestamp': '2025-11-26T03:57:25.634232+00:00',
    'type': 'Sphere',
    'velocity': array([0., 0., 0.])}]
----------------------------------------
discovered 3 candidates from factory
Block: 8ee8ae77aa39edd904b79d6d1496f4d9695b7fc61ea14c639e7a87e5116cb385 skipping self
Block: 8ee8ae77aa39edd904b79d6d1496f4d9695b7fc61ea14c639e7a87e5116cb385 skipping existing neighbor b8dcb4c1cdcbbf5701eab7fb129f3670f5c965a483742436e0166ddf20b2b7b0
Block: 8ee8ae77aa39edd904b79d6d1496f4d9695b7fc61ea14c639e7a87e5116cb385 skipping existing neighbor 58bfd6bb4ba3e6e7d285d56819aaf723a2eb1593a98b45ba147a3ff5ce42a26c
Node 1 (Block): Pos=[1.76228227 0.58631518 5.44404247] Gravity=0.000
----------------------------------------
History:
[ { 'addr': '8ee8ae77aa39edd904b79d6d1496f4d9695b7fc61ea14c639e7a87e5116cb385',
    'data': 'block data',
    'gravity': 0.0,
    'idx': 0,
    'neighbors': [...],
    'pos': array([1.76228227, 0.58631518, 5.44404247]),
    'timestamp': '2025-11-26T03:57:25.632688+00:00',
    'type': 'Block',
    'velocity': array([0., 0., 0.])}]
----------------------------------------
discovered 3 candidates from factory
Point: b8dcb4c1cdcbbf5701eab7fb129f3670f5c965a483742436e0166ddf20b2b7b0 skipping existing neighbor 8ee8ae77aa39edd904b79d6d1496f4d9695b7fc61ea14c639e7a87e5116cb385
Point: b8dcb4c1cdcbbf5701eab7fb129f3670f5c965a483742436e0166ddf20b2b7b0 skipping self
Point: b8dcb4c1cdcbbf5701eab7fb129f3670f5c965a483742436e0166ddf20b2b7b0 full, stop discovery
Node 2 (Point): Pos=[9.08462535 7.71525372 8.78864565] Gravity=0.000
----------------------------------------
History:
[ { 'addr': 'b8dcb4c1cdcbbf5701eab7fb129f3670f5c965a483742436e0166ddf20b2b7b0',
    'data': 'point data',
    'gravity': 0.0,
    'idx': 0,
    'neighbors': [...],
    'pos': array([9.08462535, 7.71525372, 8.78864565]),
    'timestamp': '2025-11-26T03:57:25.633568+00:00',
    'type': 'Point',
    'velocity': array([-0., -0., -0.])}]
----------------------------------------
discovered 3 candidates from factory
Sphere: 58bfd6bb4ba3e6e7d285d56819aaf723a2eb1593a98b45ba147a3ff5ce42a26c skipping existing neighbor 8ee8ae77aa39edd904b79d6d1496f4d9695b7fc61ea14c639e7a87e5116cb385
Sphere: 58bfd6bb4ba3e6e7d285d56819aaf723a2eb1593a98b45ba147a3ff5ce42a26c skipping existing neighbor b8dcb4c1cdcbbf5701eab7fb129f3670f5c965a483742436e0166ddf20b2b7b0
Sphere: 58bfd6bb4ba3e6e7d285d56819aaf723a2eb1593a98b45ba147a3ff5ce42a26c skipping self
Node 3 (Sphere): Pos=[8.52500192 1.58778294 9.56593744] Gravity=0.000
----------------------------------------
History:
[ { 'addr': '58bfd6bb4ba3e6e7d285d56819aaf723a2eb1593a98b45ba147a3ff5ce42a26c',
    'data': 'sphere data',
    'gravity': np.float64(0.0),
    'idx': 0,
    'neighbors': [...],
    'pos': array([8.52500192, 1.58778294, 9.56593744]),
    'timestamp': '2025-11-26T03:57:25.634232+00:00',
    'type': 'Sphere',
    'velocity': array([0., 0., 0.])}]
----------------------------------------
Simulation ended.
Final States:
Node 1 (Block): Pos=[1.76228227 0.58631518 5.44404247] Gravity=0.000
----------------------------------------
History:
[ { 'addr': '8ee8ae77aa39edd904b79d6d1496f4d9695b7fc61ea14c639e7a87e5116cb385',
    'data': 'block data',
    'gravity': 0.0,
    'idx': 0,
    'neighbors': [...],
    'pos': array([1.76228227, 0.58631518, 5.44404247]),
    'timestamp': '2025-11-26T03:57:25.632688+00:00',
    'type': 'Block',
    'velocity': array([0., 0., 0.])}]
----------------------------------------
Node 2 (Point): Pos=[9.08462535 7.71525372 8.78864565] Gravity=0.000
----------------------------------------
History:
[ { 'addr': 'b8dcb4c1cdcbbf5701eab7fb129f3670f5c965a483742436e0166ddf20b2b7b0',
    'data': 'point data',
    'gravity': 0.0,
    'idx': 0,
    'neighbors': [...],
    'pos': array([9.08462535, 7.71525372, 8.78864565]),
    'timestamp': '2025-11-26T03:57:25.633568+00:00',
    'type': 'Point',
    'velocity': array([-0., -0., -0.])}]
----------------------------------------
Node 3 (Sphere): Pos=[8.52500192 1.58778294 9.56593744] Gravity=0.000
----------------------------------------
History:
[ { 'addr': '58bfd6bb4ba3e6e7d285d56819aaf723a2eb1593a98b45ba147a3ff5ce42a26c',
    'data': 'sphere data',
    'gravity': np.float64(0.0),
    'idx': 0,
    'neighbors': [...],
    'pos': array([8.52500192, 1.58778294, 9.56593744]),
    'timestamp': '2025-11-26T03:57:25.634232+00:00',
    'type': 'Sphere',
    'velocity': array([0., 0., 0.])}]
----------------------------------------
